<?xml version="1.0" encoding="UTF-8"?>
<testsuite name="dev.gms2.workflowtest.WorkflowtestApplicationTests" tests="1" skipped="0" failures="0" errors="0" timestamp="2025-11-05T08:59:44.778Z" hostname="INL-G2ZGH84" time="0.885">
  <properties/>
  <testcase name="contextLoads()" classname="dev.gms2.workflowtest.WorkflowtestApplicationTests" time="0.885"/>
  <system-out><![CDATA[14:29:42.613 [Test worker] INFO org.springframework.test.context.support.AnnotationConfigContextLoaderUtils -- Could not detect default configuration classes for test class [dev.gms2.workflowtest.WorkflowtestApplicationTests]: WorkflowtestApplicationTests does not declare any static, non-private, non-final, nested classes annotated with @Configuration.
14:29:42.775 [Test worker] INFO org.springframework.boot.test.context.SpringBootTestContextBootstrapper -- Found @SpringBootConfiguration dev.gms2.workflowtest.WorkflowtestApplication for test class dev.gms2.workflowtest.WorkflowtestApplicationTests

  .   ____          _            __ _ _
 /\\ / ___'_ __ _ _(_)_ __  __ _ \ \ \ \
( ( )\___ | '_ | '_| | '_ \/ _` | \ \ \ \
 \\/  ___)| |_)| | | | | || (_| |  ) ) ) )
  '  |____| .__|_| |_|_| |_\__, | / / / /
 =========|_|==============|___/=/_/_/_/

 :: Spring Boot ::                (v3.5.7)

2025-11-05T14:29:43.439+05:30  INFO 35712 --- [workflowtest] [    Test worker] d.g.w.WorkflowtestApplicationTests       : Starting WorkflowtestApplicationTests using Java 17.0.12 with PID 35712 (started by thararaoganji in C:\Projects\0-VW-Marv1n\0-system42ng\0-src\444\gh-pkg-test)
2025-11-05T14:29:43.442+05:30  INFO 35712 --- [workflowtest] [    Test worker] d.g.w.WorkflowtestApplicationTests       : No active profile set, falling back to 1 default profile: "default"
2025-11-05T14:29:44.758+05:30  INFO 35712 --- [workflowtest] [    Test worker] d.g.w.WorkflowtestApplicationTests       : Started WorkflowtestApplicationTests in 1.744 seconds (process running for 3.47)
]]></system-out>
  <system-err><![CDATA[]]></system-err>
</testsuite>
